0
50
0
60
1
2
J6
J5
1
0
CCC..x.CCC...xCCO....CCC...xCCC..x.
1
0
1
1
1
1
0
1
1
1
1
1
1
1
1
1
1
1
1
2
3
CO...x.CC....xC......C..C..xCCC..x.
0
0
0
70
0
80
1
2
J8
J7
1
0
CCC..x.CCC...xCCO....CCC...xCCC..x.
1
CCC..x.CCCO..xCC.....CCC...xCCC..x.
0
1
1
1
0
-4
CC.C.x.CCCO..xCC.....CCC...xCCC..x.
1
0
1
-3
CC.COx.CCC...xCC.....CCC...xCCC..x.
0
1
-4
0
1
1
C.CCOx.CCC...xCC.....CCC...xCCC..x.
1
C.CC.x.CCC.O.xCC.....CCC...xCCC..x.
1
C..C.x.CCCCO.xCC.....CCC...xCCC..x.
1
C..C.x.CCCC..xCC..O..CCC...xCCC..x.
1
C.CC.x.C.CC..xCC..O..CCC...xCCC..x.
1
C.CC.x.C.CC..xCC.O...CCC...xCCC..x.
1
.CCC.x.C.CC..xCC.O...CCC...xCCC..x.
1
.CCC.x.C.CC..xCCO....CCC...xCCC..x.
1
.CC.Cx.C.CC..xCCO....CCC...xCCC..x.
1
.CC.Cx.C.CC..xCC.....CCCO..xCCC..x.
1
.CC.Cx..CCC..xCC.....CCCO..xCCC..x.
1
.CC.Cx..CCC..xCCO....CCC...xCCC..x.
1
C.C.Cx..CCC..xCCO....CCC...xCCC..x.
1
C.C.Cx..CCC..xCC.....CCCO..xCCC..x.
1
C.C.Cx..C.C..xCCC....CCCO..xCCC..x.
1
C.C.Cx..C.C..xCCCO...CCC...xCCC..x.
1
C.C.Cx..C..C.xCCCO...CCC...xCCC..x.
0
C.C.Cx..C..C.xCCCO...CCC...xCCC..x.
1
C.C.Cx..C.OC.xCCC....CCC...xCCC..x.
1
C...Cx..CCOC.xCCC....CCC...xCCC..x.
1
C.O.Cx..CC.C.xCCC....CCC...xCCC..x.
1
.CO.Cx..CC.C.xCCC....CCC...xCCC..x.
1
O...Cx..CC.C.xCCC....CCC...xCCC..x.
-3
O...Cx..CC.C.xCCC....CCC...xCCC..x.
1
....Cx.OCC.C.xCCC....CCC...xCCC..x.
1
....Cx.OCCC..xCCC....CCC...xCCC..x.
1
O...Cx..CCC..xCCC....CCC...xCCC..x.
1
O.C.Cx..CC...xCCC....CCC...xCCC..x.
1
.OC.Cx..CC...xCCC....CCC...xCCC..x.
1
.OCC.x..CC...xCCC....CCC...xCCC..x.
1
O.CC.x..CC...xCCC....CCC...xCCC..x.
1
O.CC.x..CC...xCCC....CC.C..xCCC..x.
1
..CC.x.OCC...xCCC....CC.C..xCCC..x.
1
..CC.x.OCC...xCCCC...CC....xCCC..x.
1
O.CC.x..CC...xCCCC...CC....xCCC..x.
1
O.CC.x..CCC..xCCC....CC....xCCC..x.
1
.OCC.x..CCC..xCCC....CC....xCCC..x.
1
.OCC.x.CCCC..x.CC....CC....xCCC..x.
1
O.CC.x.CCCC..x.CC....CC....xCCC..x.
1
O.CC.x.CCCC..xCCC.....C....xCCC..x.
1
.OCC.x.CCCC..xCCC.....C....xCCC..x.
1
COCC.x..CCC..xCCC.....C....xCCC..x.
COCC.x..CCC..xCCC.....C....xCCC..x.
3
2
0
0
